<?xml version="1.0" encoding="UTF-8"?>
<!-- Generated by org.testng.reporters.JUnitReportReporter -->
<testsuite hostname="DESKTOP-KS3OAII" failures="0" tests="1" name="generaltest.Retry" time="0.045" errors="0" timestamp="2023-10-20T11:29:08 PDT" skipped="0">
  <testcase classname="generaltest.Retry" name="f" time="0.045"/>
  <system-out/>
</testsuite> <!-- generaltest.Retry -->
