<?xml version="1.0" encoding="UTF-8"?>
<!-- Generated by org.testng.reporters.JUnitReportReporter -->
<testsuite hostname="DESKTOP-KS3OAII" failures="0" tests="4" name="test.NoteTest" time="93.974" errors="0" timestamp="2023-11-01T21:41:48 PDT" skipped="0">
  <testcase classname="test.NoteTest" name="verifyAddNote" time="20.597"/>
  <system-out/>
  <testcase classname="test.NoteTest" name="verifySearchNote" time="33.988"/>
  <system-out/>
  <testcase classname="test.NoteTest" name="verifyEditNote" time="18.941"/>
  <system-out/>
  <testcase classname="test.NoteTest" name="verifyDeleteNote" time="20.448"/>
  <system-out/>
</testsuite> <!-- test.NoteTest -->
