<?xml version="1.0" encoding="UTF-8"?>
<!-- Generated by org.testng.reporters.JUnitReportReporter -->
<testsuite hostname="DESKTOP-KS3OAII" failures="0" tests="4" name="test.ClientTest" time="95.092" errors="0" timestamp="2023-11-01T21:41:48 PDT" skipped="0">
  <testcase classname="test.ClientTest" name="verifyAddClient" time="25.627"/>
  <system-out/>
  <testcase classname="test.ClientTest" name="verifySearchClient" time="27.794"/>
  <system-out/>
  <testcase classname="test.ClientTest" name="verifyEditClient" time="16.323"/>
  <system-out/>
  <testcase classname="test.ClientTest" name="verifyDeleteClient" time="25.348"/>
  <system-out/>
</testsuite> <!-- test.ClientTest -->
