<?xml version="1.0" encoding="UTF-8"?>
<!-- Generated by org.testng.reporters.JUnitReportReporter -->
<testsuite hostname="DESKTOP-KS3OAII" failures="0" tests="1" name="test.LoginTest" time="25.138" errors="0" timestamp="2023-11-01T21:41:48 PDT" skipped="0">
  <testcase classname="test.LoginTest" name="f" time="25.138"/>
  <system-out/>
</testsuite> <!-- test.LoginTest -->
